2021-04-02 15:38:45,600 CRIT Supervisor running as root (no user in config file)
2021-04-02 15:38:45,601 INFO Included extra file "/opt/docker/etc/supervisor.d/apache.conf" during parsing
2021-04-02 15:38:45,602 INFO Included extra file "/opt/docker/etc/supervisor.d/cron.conf" during parsing
2021-04-02 15:38:45,602 INFO Included extra file "/opt/docker/etc/supervisor.d/dnsmasq.conf" during parsing
2021-04-02 15:38:45,603 INFO Included extra file "/opt/docker/etc/supervisor.d/postfix.conf" during parsing
2021-04-02 15:38:45,603 INFO Included extra file "/opt/docker/etc/supervisor.d/ssh.conf" during parsing
2021-04-02 15:38:45,604 INFO Included extra file "/opt/docker/etc/supervisor.d/syslog.conf" during parsing
2021-04-02 15:38:45,612 INFO RPC interface 'supervisor' initialized
2021-04-02 15:38:45,616 INFO supervisord started with pid 22
2021-04-02 15:38:46,619 INFO spawned: 'apached' with pid 25
2021-04-02 15:38:46,625 INFO success: apached entered RUNNING state, process has stayed up for > than 0 seconds (startsecs)
2021-04-03 12:16:38,286 CRIT Supervisor running as root (no user in config file)
2021-04-03 12:16:38,287 INFO Included extra file "/opt/docker/etc/supervisor.d/apache.conf" during parsing
2021-04-03 12:16:38,288 INFO Included extra file "/opt/docker/etc/supervisor.d/cron.conf" during parsing
2021-04-03 12:16:38,288 INFO Included extra file "/opt/docker/etc/supervisor.d/dnsmasq.conf" during parsing
2021-04-03 12:16:38,289 INFO Included extra file "/opt/docker/etc/supervisor.d/postfix.conf" during parsing
2021-04-03 12:16:38,289 INFO Included extra file "/opt/docker/etc/supervisor.d/ssh.conf" during parsing
2021-04-03 12:16:38,289 INFO Included extra file "/opt/docker/etc/supervisor.d/syslog.conf" during parsing
2021-04-03 12:16:38,298 INFO RPC interface 'supervisor' initialized
2021-04-03 12:16:38,302 INFO supervisord started with pid 22
2021-04-03 12:16:39,311 INFO spawned: 'apached' with pid 25
2021-04-03 12:16:39,318 INFO success: apached entered RUNNING state, process has stayed up for > than 0 seconds (startsecs)
